2010-03-31 11:25:15.709300	STARTING RELOAD DATA SCRIPT
2010-03-31 11:25:15.709475	Deleting period days...
2010-03-31 11:25:15.712714	Adding period days...
2010-03-31 11:25:15.754497	Deleting periods...
2010-03-31 11:25:15.755812	Adding period days...
2010-03-31 11:25:16.438080	Deleting departments...
2010-03-31 11:25:16.439020	Adding departments...
2010-03-31 11:25:16.519889	Deleting attributes...
2010-03-31 11:25:16.520981	Adding attributes...
2010-03-31 11:25:16.542451	Deleting courses...
2010-03-31 11:25:16.543614	Adding courses...
2010-03-31 11:25:16.929225	Deleting degrees...
2010-03-31 11:25:16.930172	Adding degrees...
2010-03-31 11:25:17.114066	Deleting attribute requirements...
2010-03-31 11:25:17.116513	Adding attribute requirements...
2010-03-31 11:25:17.158028	Deleting offerings...
2010-03-31 11:25:17.159288	Adding offerings...
2010-03-31 11:25:17.559906	Deleting students...
2010-03-31 11:25:17.561788	Adding students...
2010-03-31 11:25:17.644997	Clearing schedules...
2010-03-31 11:27:21.673285	Processing file...
2010-03-31 11:27:21.673693	192 lines to process...
2010-03-31 11:27:30.377195	100/192	52%	complete.
2010-03-31 11:27:35.752832	192/192	100%	complete.
2010-03-31 11:27:35.753033	Done.
2010-03-31 11:31:54.401837	STARTING RELOAD DATA SCRIPT
2010-03-31 11:31:54.401946	Deleting period days...
2010-03-31 11:31:54.474201	Adding period days...
2010-03-31 11:31:54.501368	Deleting periods...
2010-03-31 11:31:54.844411	Adding period days...
2010-03-31 11:31:55.698713	Deleting departments...
2010-03-31 11:31:55.892187	Adding departments...
2010-03-31 11:31:55.921388	Deleting attributes...
2010-03-31 11:31:55.973866	Adding attributes...
2010-03-31 11:31:56.028029	Deleting courses...
2010-03-31 11:31:56.033572	Adding courses...
2010-03-31 11:31:56.557766	Deleting degrees...
2010-03-31 11:31:56.558909	Adding degrees...
2010-03-31 11:31:56.717241	Deleting attribute requirements...
2010-03-31 11:31:56.718582	Adding attribute requirements...
2010-03-31 11:31:56.818109	Deleting offerings...
2010-03-31 11:31:56.819034	Adding offerings...
2010-03-31 11:31:57.155506	Deleting students...
2010-03-31 11:31:57.156879	Adding students...
2010-03-31 11:31:57.259435	Clearing schedules...
2010-03-31 11:32:19.469732	Processing file...
2010-03-31 11:32:19.470084	180 lines to process...
2010-03-31 11:32:27.570725	100/180	55%	complete.
2010-03-31 11:32:33.916872	180/180	100%	complete.
2010-03-31 11:32:33.917041	Done.
2010-04-02 08:53:28.356098	Processing file...
2010-04-02 08:53:28.365272	3204 lines to process...
2010-04-02 08:53:42.608249	100/3204	3%	complete.
2010-04-02 08:53:52.578090	200/3204	6%	complete.
2010-04-02 08:54:01.317437	300/3204	9%	complete.
2010-04-02 08:54:12.366160	400/3204	12%	complete.
2010-04-02 08:54:22.055747	500/3204	15%	complete.
2010-04-02 08:54:30.585047	600/3204	18%	complete.
2010-04-02 08:54:41.677091	700/3204	21%	complete.
2010-04-02 08:54:51.128584	800/3204	24%	complete.
2010-04-02 08:54:59.705874	900/3204	28%	complete.
2010-04-02 08:55:07.479618	1000/3204	31%	complete.
2010-04-02 08:55:18.799839	1100/3204	34%	complete.
2010-04-02 08:55:46.578673	Processing file...
2010-04-02 08:55:46.578949	65 lines to process...
2010-04-02 08:55:54.020149	65/65	100%	complete.
2010-04-02 08:55:54.020281	Done.
2010-04-02 09:50:14.305736	Processing file...
2010-04-02 09:50:14.306075	170 lines to process...
2010-04-02 09:50:24.266787	100/170	58%	complete.
2010-04-02 09:50:32.240837	170/170	100%	complete.
2010-04-02 09:50:32.240935	Done.
2010-04-02 09:52:33.297743	Processing file...
2010-04-02 09:52:33.303492	170 lines to process...
2010-04-02 09:52:45.934829	100/170	58%	complete.
2010-04-02 09:52:56.486994	170/170	100%	complete.
2010-04-02 09:52:56.487115	Done.
2010-04-02 09:54:22.465562	Processing file...
2010-04-02 09:54:22.465827	106 lines to process...
2010-04-02 09:54:31.995264	100/106	94%	complete.
2010-04-02 09:54:32.359967	106/106	100%	complete.
2010-04-02 09:54:32.360106	Done.
2010-04-02 09:56:42.296207	Processing file...
2010-04-02 09:58:29.078616	Processing file...
2010-04-02 09:59:01.133211	Processing file...
2010-04-02 09:59:28.115884	Processing file...
2010-04-02 09:59:38.387090	Done.
2010-04-02 10:14:28.227246	Processing file...
2010-04-02 10:14:36.170138	Done.
2010-04-02 10:15:14.220264	Processing file...
2010-04-02 10:15:20.970000	Done.
2010-04-02 10:17:35.264698	Processing file...
2010-04-02 10:17:46.133436	Done.
2010-04-02 10:19:33.347035	STARTING RELOAD DATA SCRIPT
2010-04-02 10:19:33.564792	Deleting period days...
2010-04-02 10:19:33.571354	Adding period days...
2010-04-02 10:19:33.692062	Deleting periods...
2010-04-02 10:19:33.694768	Adding period days...
2010-04-02 10:19:34.586473	Deleting departments...
2010-04-02 10:19:34.587574	Adding departments...
2010-04-02 10:19:34.606073	Deleting attributes...
2010-04-02 10:19:34.606966	Adding attributes...
2010-04-02 10:19:34.649810	Deleting courses...
2010-04-02 10:19:34.650910	Adding courses...
2010-04-02 10:19:35.117680	Deleting degrees...
2010-04-02 10:19:35.119394	Adding degrees...
2010-04-02 10:19:35.211041	Deleting attribute requirements...
2010-04-02 10:19:35.213927	Adding attribute requirements...
2010-04-02 10:19:35.254009	Deleting offerings...
2010-04-02 10:19:35.255174	Adding offerings...
2010-04-02 10:19:35.515492	Deleting students...
2010-04-02 10:19:35.516627	Adding students...
2010-04-02 10:19:35.553609	Clearing schedules...
2010-04-02 10:20:44.482801	Processing file...
2010-04-02 10:21:09.731884	Done.
2010-04-02 10:28:48.705975	Processing file...
2010-04-02 10:28:56.121633	Processing file...
2010-04-02 10:29:14.028049	Done.
2010-04-02 10:30:32.011418	Processing file...
2010-04-02 10:30:35.426006	Done.
2010-04-02 10:31:55.208158	Processing file...
2010-04-02 10:31:58.876546	Done.
2010-04-02 10:34:21.065145	Processing file...
2010-04-02 10:34:24.442447	Done.
2010-04-02 10:34:44.990137	Processing file...
2010-04-02 10:34:49.178225	Done.
2010-04-02 10:40:03.471425	Processing file...
2010-04-02 10:40:11.926347	Processing file...
2010-04-02 10:40:25.220106	Done.
2010-04-02 10:42:25.583550	STARTING RELOAD DATA SCRIPT
2010-04-02 10:42:25.583717	Deleting period days...
2010-04-02 10:42:33.316286	STARTING RELOAD DATA SCRIPT
2010-04-02 10:42:33.316761	Deleting period days...
2010-04-02 10:42:41.853896	STARTING RELOAD DATA SCRIPT
2010-04-02 10:42:41.854067	Deleting period days...
2010-04-02 10:42:41.857165	Adding period days...
2010-04-02 10:42:41.957661	Deleting periods...
2010-04-02 10:42:41.958640	Adding period days...
2010-04-02 10:42:42.933865	Deleting departments...
2010-04-02 10:42:42.934915	Adding departments...
2010-04-02 10:42:42.952031	Deleting attributes...
2010-04-02 10:42:42.958417	Adding attributes...
2010-04-02 10:42:42.976599	Deleting courses...
2010-04-02 10:42:42.977822	Adding courses...
2010-04-02 10:42:43.320283	Deleting degrees...
2010-04-02 10:42:43.321240	Adding degrees...
2010-04-02 10:42:43.435878	Deleting attribute requirements...
2010-04-02 10:42:43.437344	Adding attribute requirements...
2010-04-02 10:42:43.483711	Deleting offerings...
2010-04-02 10:42:43.484906	Adding offerings...
2010-04-02 10:42:43.663516	Deleting students...
2010-04-02 10:42:43.665018	Adding students...
2010-04-02 10:42:43.730920	Clearing schedules...
2010-04-02 10:42:47.797418	Processing file...
2010-04-02 10:43:07.576005	Processing file...
2010-04-02 10:43:09.515873	Done.
2010-04-02 10:43:15.165617	Processing file...
2010-04-02 10:43:17.088581	Done.
2010-04-02 10:44:13.533421	STARTING RELOAD DATA SCRIPT
2010-04-02 10:44:13.533587	Deleting period days...
2010-04-02 10:44:13.536725	Adding period days...
2010-04-02 10:44:13.554280	Deleting periods...
2010-04-02 10:44:13.557900	Adding period days...
2010-04-02 10:44:14.411062	Deleting departments...
2010-04-02 10:44:14.414446	Adding departments...
2010-04-02 10:44:14.433222	Deleting attributes...
2010-04-02 10:44:14.434435	Adding attributes...
2010-04-02 10:44:14.451331	Deleting courses...
2010-04-02 10:44:14.452495	Adding courses...
2010-04-02 10:44:14.978191	Deleting degrees...
2010-04-02 10:44:14.979796	Adding degrees...
2010-04-02 10:44:15.109925	Deleting attribute requirements...
2010-04-02 10:44:15.112717	Adding attribute requirements...
2010-04-02 10:44:15.206248	Deleting offerings...
2010-04-02 10:44:15.208608	Adding offerings...
2010-04-02 10:44:15.514883	Deleting students...
2010-04-02 10:44:15.515889	Adding students...
2010-04-02 10:44:15.565745	Clearing schedules...
2010-04-02 10:44:28.691939	Processing file...
2010-04-02 10:44:40.619919	Done.
2010-04-02 10:44:45.954864	Processing file...
2010-04-02 10:44:54.002128	Done.
2010-04-02 11:57:56.692808	STARTING RELOAD DATA SCRIPT
2010-04-02 11:57:56.716866	Deleting period days...
2010-04-02 11:57:56.738335	Adding period days...
2010-04-02 11:57:56.973727	Deleting periods...
2010-04-02 11:57:56.978238	Adding period days...
2010-04-02 11:57:59.628575	Deleting departments...
2010-04-02 11:57:59.629653	Adding departments...
2010-04-02 11:57:59.690353	Deleting attributes...
2010-04-02 11:57:59.691543	Adding attributes...
2010-04-02 11:57:59.764843	Deleting courses...
2010-04-02 11:57:59.766014	Adding courses...
2010-04-02 11:58:00.614971	Deleting degrees...
2010-04-02 11:58:00.615967	Adding degrees...
2010-04-02 11:58:00.794958	Deleting attribute requirements...
2010-04-02 11:58:00.796361	Adding attribute requirements...
2010-04-02 11:58:00.849401	Deleting offerings...
2010-04-02 11:58:00.851173	Adding offerings...
2010-04-02 11:58:01.292078	Deleting students...
2010-04-02 11:58:01.294483	Adding students...
2010-04-02 11:58:01.383340	Clearing schedules...
2010-04-02 11:58:14.189266	Processing file...
2010-04-02 12:04:29.032305	Processing file...
2010-04-02 12:08:49.409936	Done.
2010-04-02 12:49:35.220618	Processing file...
2010-04-02 12:51:00.123390	Processing file...
2010-04-02 13:05:45.277501	Done.
2010-04-09 08:23:52.209384	STARTING RELOAD DATA SCRIPT
2010-04-09 08:23:52.226534	Deleting period days...
2010-04-09 08:23:52.403323	Adding period days...
2010-04-09 08:23:52.477818	Deleting periods...
2010-04-09 08:23:56.217202	Adding period days...
2010-04-09 08:23:57.282216	Deleting departments...
2010-04-09 08:24:00.643081	Adding departments...
2010-04-09 08:24:00.709055	Deleting attributes...
2010-04-09 08:24:00.807394	Adding attributes...
2010-04-09 08:24:00.853899	Deleting courses...
2010-04-09 08:24:00.854812	Adding courses...
2010-04-09 08:24:01.442380	Deleting degrees...
2010-04-09 08:24:01.443192	Adding degrees...
2010-04-09 08:24:01.625468	Deleting attribute requirements...
2010-04-09 08:24:01.626841	Adding attribute requirements...
2010-04-09 08:24:01.709671	Deleting offerings...
2010-04-09 08:24:01.711065	Adding offerings...
2010-04-09 08:24:02.045782	Deleting students...
2010-04-09 08:24:02.046711	Adding students...
2010-04-09 08:24:02.114068	Clearing schedules...
2010-04-09 10:23:20.444271	Processing file...
2010-04-09 10:23:53.351937	Done.
2010-04-09 10:41:58.725698	STARTING RELOAD DATA SCRIPT
2010-04-09 10:41:58.725865	Deleting period days...
2010-04-09 10:41:58.986926	Adding period days...
2010-04-09 10:41:59.084671	Deleting periods...
2010-04-09 10:42:00.153832	Adding period days...
2010-04-09 10:42:01.358294	Deleting departments...
2010-04-09 10:42:02.183170	Adding departments...
2010-04-09 10:42:02.214260	Deleting attributes...
2010-04-09 10:42:02.279154	Adding attributes...
2010-04-09 10:42:02.341910	Deleting courses...
2010-04-09 10:42:02.342917	Adding courses...
2010-04-09 10:42:02.822416	Deleting degrees...
2010-04-09 10:42:02.823109	Adding degrees...
2010-04-09 10:42:03.005147	Deleting attribute requirements...
2010-04-09 10:42:03.006453	Adding attribute requirements...
2010-04-09 10:42:03.091155	Deleting offerings...
2010-04-09 10:42:03.092148	Adding offerings...
2010-04-09 10:42:03.380236	Deleting students...
2010-04-09 10:42:03.381900	Adding students...
2010-04-09 10:42:03.468734	Clearing schedules...
2010-04-09 10:42:16.175237	STARTING RELOAD DATA SCRIPT
2010-04-09 10:42:16.175402	Deleting period days...
2010-04-09 10:42:16.410707	Adding period days...
2010-04-09 10:42:16.464539	Deleting periods...
2010-04-09 10:42:16.752781	Adding period days...
2010-04-09 10:42:17.974040	Deleting departments...
2010-04-09 10:42:18.298021	Adding departments...
2010-04-09 10:42:18.333776	Deleting attributes...
2010-04-09 10:42:18.420709	Adding attributes...
2010-04-09 10:42:18.445599	Deleting courses...
2010-04-09 10:42:18.446426	Adding courses...
2010-04-09 10:42:19.053955	Deleting degrees...
2010-04-09 10:42:19.054800	Adding degrees...
2010-04-09 10:42:19.229403	Deleting attribute requirements...
2010-04-09 10:42:19.230730	Adding attribute requirements...
2010-04-09 10:42:19.320900	Deleting offerings...
2010-04-09 10:42:19.322439	Adding offerings...
2010-04-09 10:42:19.697274	Deleting students...
2010-04-09 10:42:19.698151	Adding students...
2010-04-09 10:42:19.780368	Clearing schedules...
2010-04-11 17:00:39.839250	Processing file...
2010-04-11 17:01:13.724108	Done.
2010-04-12 09:26:36.166472	STARTING RELOAD DATA SCRIPT
2010-04-12 09:26:36.178169	Deleting period days...
2010-04-12 09:26:36.401351	Adding period days...
2010-04-12 09:26:36.439743	Deleting periods...
2010-04-12 09:26:37.931680	Adding period days...
2010-04-12 09:26:39.283753	Deleting departments...
2010-04-12 09:26:40.221316	Adding departments...
2010-04-12 09:26:40.328507	Deleting attributes...
2010-04-12 09:26:40.475206	Adding attributes...
2010-04-12 09:26:40.506950	Deleting courses...
2010-04-12 09:26:40.507915	Adding courses...
2010-04-12 09:26:41.200765	Deleting degrees...
2010-04-12 09:26:41.201564	Adding degrees...
2010-04-12 09:26:41.352491	Deleting attribute requirements...
2010-04-12 09:26:41.353744	Adding attribute requirements...
2010-04-12 09:26:41.441998	Deleting offerings...
2010-04-12 09:26:41.443208	Adding offerings...
2010-04-12 09:26:41.877866	Deleting students...
2010-04-12 09:26:41.878748	Adding students...
2010-04-12 09:26:41.970272	Clearing schedules...
2010-04-12 09:27:15.283300	STARTING RELOAD DATA SCRIPT
2010-04-12 09:27:15.283461	Deleting period days...
2010-04-12 09:27:15.287587	Adding period days...
2010-04-12 09:27:15.325471	Deleting periods...
2010-04-12 09:27:15.332035	Adding period days...
2010-04-12 09:27:16.413719	Deleting departments...
2010-04-12 09:27:16.414653	Adding departments...
2010-04-12 09:27:16.445066	Deleting attributes...
2010-04-12 09:27:16.445930	Adding attributes...
2010-04-12 09:27:16.489886	Deleting courses...
2010-04-12 09:27:16.499540	Adding courses...
2010-04-12 09:27:16.980844	Deleting degrees...
2010-04-12 09:27:16.981801	Adding degrees...
2010-04-12 09:27:17.151369	Deleting attribute requirements...
2010-04-12 09:27:17.154143	Adding attribute requirements...
2010-04-12 09:27:17.222486	Deleting offerings...
2010-04-12 09:27:17.223634	Adding offerings...
2010-04-12 09:27:17.476677	Deleting students...
2010-04-12 09:27:17.477806	Adding students...
2010-04-12 09:27:17.557811	Clearing schedules...
2010-04-12 09:27:44.223625	Processing file...
2010-04-12 09:28:04.333299	Done.
2010-04-12 09:49:31.189538	STARTING RELOAD DATA SCRIPT
2010-04-12 09:49:31.189696	Deleting period days...
2010-04-12 09:49:31.193817	Adding period days...
2010-04-12 09:49:31.217423	Deleting periods...
2010-04-12 09:49:31.218967	Adding period days...
2010-04-12 09:49:32.559173	Deleting departments...
2010-04-12 09:49:32.560727	Adding departments...
2010-04-12 09:49:32.642081	Deleting attributes...
2010-04-12 09:49:32.642961	Adding attributes...
2010-04-12 09:49:32.661807	Deleting courses...
2010-04-12 09:49:32.662971	Adding courses...
2010-04-12 09:49:33.319453	Deleting degrees...
2010-04-12 09:49:33.320518	Adding degrees...
2010-04-12 09:49:33.587356	Deleting attribute requirements...
2010-04-12 09:49:33.588881	Adding attribute requirements...
2010-04-12 09:49:33.791506	Deleting offerings...
2010-04-12 09:49:33.793387	Adding offerings...
2010-04-12 09:49:34.052908	Deleting students...
2010-04-12 09:49:34.053896	Adding students...
2010-04-12 09:49:34.256319	Clearing schedules...
2010-04-12 09:49:46.857958	Processing file...
2010-04-12 09:50:11.177082	Done.
2010-04-12 10:13:50.673727	STARTING RELOAD DATA SCRIPT
2010-04-12 10:13:50.673885	Deleting period days...
2010-04-12 10:13:50.677934	Adding period days...
2010-04-12 10:13:50.734138	Deleting periods...
2010-04-12 10:13:50.735263	Adding period days...
2010-04-12 10:13:52.407105	Deleting departments...
2010-04-12 10:13:52.408098	Adding departments...
2010-04-12 10:13:52.427406	Deleting attributes...
2010-04-12 10:13:52.430016	Adding attributes...
2010-04-12 10:13:52.634483	Deleting courses...
2010-04-12 10:13:52.635917	Adding courses...
2010-04-12 10:13:53.268438	Deleting degrees...
2010-04-12 10:13:53.269435	Adding degrees...
2010-04-12 10:13:53.528728	Deleting attribute requirements...
2010-04-12 10:13:53.530100	Adding attribute requirements...
2010-04-12 10:13:53.811574	Deleting offerings...
2010-04-12 10:13:53.813261	Adding offerings...
2010-04-12 10:13:54.160087	Deleting students...
2010-04-12 10:13:54.162620	Adding students...
2010-04-12 10:13:54.272328	Clearing schedules...
2010-04-12 10:14:06.404232	Processing file...
2010-04-12 10:14:18.114764	Done.
2010-04-12 10:23:22.418676	STARTING RELOAD DATA SCRIPT
2010-04-12 10:23:22.418834	Deleting period days...
2010-04-12 10:23:22.423014	Adding period days...
2010-04-12 10:23:22.468086	Deleting periods...
2010-04-12 10:23:22.469251	Adding period days...
2010-04-12 10:23:23.619811	Deleting departments...
2010-04-12 10:23:23.620902	Adding departments...
2010-04-12 10:23:23.706843	Deleting attributes...
2010-04-12 10:23:23.713723	Adding attributes...
2010-04-12 10:23:23.786566	Deleting courses...
2010-04-12 10:23:23.787750	Adding courses...
2010-04-12 10:23:24.331300	Deleting degrees...
2010-04-12 10:23:24.332224	Adding degrees...
2010-04-12 10:23:24.529126	Deleting attribute requirements...
2010-04-12 10:23:24.537079	Adding attribute requirements...
2010-04-12 10:23:24.633994	Deleting offerings...
2010-04-12 10:23:24.635483	Adding offerings...
2010-04-12 10:23:25.141186	Deleting students...
2010-04-12 10:23:25.142667	Adding students...
2010-04-12 10:23:25.229859	Clearing schedules...
2010-04-12 10:23:35.638718	Processing file...
2010-04-12 10:23:58.493800	Done.
2010-06-04 14:51:08.274559	Processing file...
2010-06-04 14:54:33.894437	Done.
2010-06-04 14:56:02.848304	Processing file...
2010-06-04 14:56:22.975916	Done.
2010-06-29 07:26:18.952012	Processing file...
2010-06-29 07:26:44.576902	Done.
2010-06-29 07:44:57.068714	Processing file...
2010-06-29 07:48:59.965815	Done.
2010-06-30 07:27:40.211790	Processing file...
2010-06-30 07:28:12.343819	Done.
